<?xml version="1.0" encoding="UTF-8"?>
<!-- Generated by org.testng.reporters.JUnitXMLReporter -->
<testsuite ignored="0" hostname="LIN22004208" failures="0" tests="3" name="CheckoutTest" time="96.462" errors="0" timestamp="2022-07-08T11:43:06 IST">
  <testcase classname="tests.CheckoutTest" name="Checkoutwithvaliddeliverydetails" time="30.357"/>
  <testcase classname="tests.CheckoutTest" name="CheckoutwithInvaliddeliverydetails" time="28.682"/>
  <testcase classname="tests.CheckoutTest" name="Checkoutwithnofilledddeliverydetails" time="18.046"/>
</testsuite> <!-- CheckoutTest -->
