<?xml version="1.0" encoding="UTF-8"?>
<!-- Generated by org.testng.reporters.JUnitXMLReporter -->
<testsuite ignored="0" hostname="LIN22004208" failures="0" tests="3" name="RegisterTest" time="29.807" errors="0" timestamp="2022-07-08T11:39:13 IST">
  <testcase classname="tests.RegisterTest" name="registerWithMandatoryFields" time="3.456"/>
  <testcase classname="tests.RegisterTest" name="registerWithAllFields" time="3.223"/>
  <testcase classname="tests.RegisterTest" name="registerWithAlreadyRegisteredEmailAddress" time="2.878"/>
</testsuite> <!-- RegisterTest -->
