<?xml version="1.0" encoding="UTF-8"?>
<!-- Generated by org.testng.reporters.JUnitXMLReporter -->
<testsuite ignored="0" hostname="LIN22004208" failures="0" tests="3" name="SearchTest" time="19.916" errors="0" timestamp="2022-07-08T11:39:56 IST">
  <testcase classname="tests.SearchTest" name="searchWithValidProduct" time="0.616"/>
  <testcase classname="tests.SearchTest" name="searchWithInValidProduct" time="0.89"/>
  <testcase classname="tests.SearchTest" name="searchWithoutAnyProduct" time="0.872"/>
</testsuite> <!-- SearchTest -->
